<?xml version="1.0" encoding="UTF-8"?>
<testng-results ignored="0" total="3" passed="3" failed="0" skipped="0">
  <reporter-output>
  </reporter-output>
  <suite started-at="2022-03-28T17:40:15 CDT" name="Default suite" finished-at="2022-03-28T17:41:06 CDT" duration-ms="51722">
    <groups>
      <group name="cucumber">
        <method signature="AbstractTestNGCucumberTests.runScenario(io.cucumber.testng.PickleWrapper,io.cucumber.testng.FeatureWrapper)[pri:0, instance:runner.TestRunner@7cc0cdad]" name="runScenario" class="io.cucumber.testng.AbstractTestNGCucumberTests"/>
      </group> <!-- cucumber -->
    </groups>
    <test started-at="2022-03-28T17:40:15 CDT" name="Default test" finished-at="2022-03-28T17:41:06 CDT" duration-ms="51722">
      <class name="runner.TestRunner">
        <test-method is-config="true" signature="setUpClass(org.testng.ITestContext)[pri:0, instance:runner.TestRunner@7cc0cdad]" started-at="2022-03-28T17:40:15 CDT" name="setUpClass" finished-at="2022-03-28T17:40:20 CDT" duration-ms="4709" status="PASS">
          <params>
            <param index="0">
              <value>
                <![CDATA[org.testng.TestRunner@2ba9f743]]>
              </value>
            </param>
          </params>
          <reporter-output>
          </reporter-output>
        </test-method> <!-- setUpClass -->
        <test-method signature="runScenario(io.cucumber.testng.PickleWrapper,io.cucumber.testng.FeatureWrapper)[pri:0, instance:runner.TestRunner@7cc0cdad]" started-at="2022-03-28T17:40:20 CDT" name="runScenario" description="Runs Cucumber Scenarios" data-provider="scenarios" finished-at="2022-03-28T17:40:57 CDT" duration-ms="36943" status="PASS">
          <params>
            <param index="0">
              <value>
                <![CDATA["User is on POST method with end point url"]]>
              </value>
            </param>
            <param index="1">
              <value>
                <![CDATA["Optional[To Check if able to create new User]"]]>
              </value>
            </param>
          </params>
          <reporter-output>
          </reporter-output>
        </test-method> <!-- runScenario -->
        <test-method signature="runScenario(io.cucumber.testng.PickleWrapper,io.cucumber.testng.FeatureWrapper)[pri:0, instance:runner.TestRunner@7cc0cdad]" started-at="2022-03-28T17:40:57 CDT" name="runScenario" description="Runs Cucumber Scenarios" data-provider="scenarios" finished-at="2022-03-28T17:41:04 CDT" duration-ms="6860" status="PASS">
          <params>
            <param index="0">
              <value>
                <![CDATA["User is on POST method with end point url"]]>
              </value>
            </param>
            <param index="1">
              <value>
                <![CDATA["Optional[To Check if able to create new User]"]]>
              </value>
            </param>
          </params>
          <reporter-output>
          </reporter-output>
        </test-method> <!-- runScenario -->
        <test-method signature="runScenario(io.cucumber.testng.PickleWrapper,io.cucumber.testng.FeatureWrapper)[pri:0, instance:runner.TestRunner@7cc0cdad]" started-at="2022-03-28T17:41:04 CDT" name="runScenario" description="Runs Cucumber Scenarios" data-provider="scenarios" finished-at="2022-03-28T17:41:05 CDT" duration-ms="1907" status="PASS">
          <params>
            <param index="0">
              <value>
                <![CDATA["To check if User able to access with invalid url"]]>
              </value>
            </param>
            <param index="1">
              <value>
                <![CDATA["Optional[To Check if able to create new User]"]]>
              </value>
            </param>
          </params>
          <reporter-output>
          </reporter-output>
        </test-method> <!-- runScenario -->
        <test-method is-config="true" signature="tearDownClass()[pri:0, instance:runner.TestRunner@7cc0cdad]" started-at="2022-03-28T17:41:05 CDT" name="tearDownClass" finished-at="2022-03-28T17:41:06 CDT" duration-ms="936" status="PASS">
          <reporter-output>
          </reporter-output>
        </test-method> <!-- tearDownClass -->
      </class> <!-- runner.TestRunner -->
    </test> <!-- Default test -->
  </suite> <!-- Default suite -->
</testng-results>
